<?xml version="1.0" encoding="UTF-8"?>
<testng-results skipped="0" failed="0" ignored="0" total="3" passed="3">
  <reporter-output>
    <line>
      <![CDATA[Ymail Login Test]]>
    </line>
    <line>
      <![CDATA[Ymail Login Test]]>
    </line>
    <line>
      <![CDATA[Facebook Login Test]]>
    </line>
    <line>
      <![CDATA[<a target="_blank" href="C:\Users\Krishna Singh\Downloads\Images\galaxy.jpg" height=100 width=100> screenshot</a>]]>
    </line>
  </reporter-output>
  <suite name="Suite" duration-ms="33355" started-at="2018-12-18T21:25:22Z" finished-at="2018-12-18T21:25:56Z">
    <groups>
    </groups>
    <test name="Yahoo Sign Up Test" duration-ms="16287" started-at="2018-12-18T21:25:22Z" finished-at="2018-12-18T21:25:39Z">
      <class name="com.abd.testcases.YmailSignUpTest">
        <test-method status="PASS" signature="ymailSignUp(java.lang.Object, java.lang.Object, java.lang.Object, java.lang.Object)[pri:0, instance:com.abd.testcases.YmailSignUpTest@4923ab24]" name="ymailSignUp" duration-ms="12686" started-at="2018-12-18T21:25:23Z" data-provider="baba" finished-at="2018-12-18T21:25:36Z">
          <params>
            <param index="0">
              <value>
                <![CDATA[a]]>
              </value>
            </param>
            <param index="1">
              <value>
                <![CDATA[b]]>
              </value>
            </param>
            <param index="2">
              <value>
                <![CDATA[c]]>
              </value>
            </param>
            <param index="3">
              <value>
                <![CDATA[e]]>
              </value>
            </param>
          </params>
          <reporter-output>
            <line>
              <![CDATA[Ymail Login Test]]>
            </line>
          </reporter-output>
        </test-method> <!-- ymailSignUp -->
        <test-method status="PASS" signature="ymailSignUp(java.lang.Object, java.lang.Object, java.lang.Object, java.lang.Object)[pri:0, instance:com.abd.testcases.YmailSignUpTest@4923ab24]" name="ymailSignUp" duration-ms="2751" started-at="2018-12-18T21:25:36Z" data-provider="baba" finished-at="2018-12-18T21:25:39Z">
          <params>
            <param index="0">
              <value>
                <![CDATA[FirstName]]>
              </value>
            </param>
            <param index="1">
              <value>
                <![CDATA[LastName]]>
              </value>
            </param>
            <param index="2">
              <value>
                <![CDATA[Email]]>
              </value>
            </param>
            <param index="3">
              <value>
                <![CDATA[Password]]>
              </value>
            </param>
          </params>
          <reporter-output>
            <line>
              <![CDATA[Ymail Login Test]]>
            </line>
          </reporter-output>
        </test-method> <!-- ymailSignUp -->
      </class> <!-- com.abd.testcases.YmailSignUpTest -->
    </test> <!-- Yahoo Sign Up Test -->
    <test name="Login Test" duration-ms="16965" started-at="2018-12-18T21:25:39Z" finished-at="2018-12-18T21:25:56Z">
      <class name="com.abd.testcases.LoginTest">
        <test-method status="PASS" signature="setUp()[pri:0, instance:com.abd.testcases.LoginTest@6950e31]" name="setUp" is-config="true" duration-ms="10579" started-at="2018-12-18T21:25:12Z" finished-at="2018-12-18T21:25:22Z">
          <reporter-output>
          </reporter-output>
        </test-method> <!-- setUp -->
        <test-method status="PASS" signature="test_valid_login()[pri:1, instance:com.abd.testcases.LoginTest@6950e31]" name="test_valid_login" duration-ms="16963" started-at="2018-12-18T21:25:39Z" finished-at="2018-12-18T21:25:56Z">
          <reporter-output>
            <line>
              <![CDATA[Facebook Login Test]]>
            </line>
            <line>
              <![CDATA[<a target="_blank" href="C:\Users\Krishna Singh\Downloads\Images\galaxy.jpg" height=100 width=100> screenshot</a>]]>
            </line>
          </reporter-output>
        </test-method> <!-- test_valid_login -->
        <test-method status="PASS" signature="tearDown()[pri:0, instance:com.abd.testcases.LoginTest@6950e31]" name="tearDown" is-config="true" duration-ms="1016" started-at="2018-12-18T21:25:56Z" finished-at="2018-12-18T21:25:57Z">
          <reporter-output>
          </reporter-output>
        </test-method> <!-- tearDown -->
      </class> <!-- com.abd.testcases.LoginTest -->
    </test> <!-- Login Test -->
  </suite> <!-- Suite -->
</testng-results>
