<?xml version="1.0" encoding="UTF-8"?>
<!-- Generated by org.testng.reporters.JUnitXMLReporter -->
<testsuite ignored="0" hostname="DESKTOP-1542ABD" failures="0" tests="3" name="Amazon Test" time="25.802" errors="0" timestamp="16 Jan 2019 15:16:50 GMT">
  <testcase classname="com.abd.testcases.AmazonTest" name="amazonSearchTest" time="13.438"/>
  <testcase classname="com.abd.testcases.AmazonTest" name="amazonSearchTest" time="0.001">
    <skipped/>
  </testcase> <!-- amazonSearchTest -->
  <testcase classname="com.abd.testcases.AmazonTest" name="amazonSearchTest" time="12.206"/>
</testsuite> <!-- Amazon Test -->
