<?xml version="1.0" encoding="UTF-8"?>
<!-- Generated by org.testng.reporters.JUnitXMLReporter -->
<testsuite ignored="0" hostname="DESKTOP-1542ABD" failures="0" tests="4" name="Yahoo Sign Up Test" time="18.886" errors="0" timestamp="16 Jan 2019 15:16:15 GMT">
  <testcase classname="com.abd.testcases.YmailSignUpTest" name="ymailSignUp" time="6.151"/>
  <testcase classname="com.abd.testcases.YmailSignUpTest" name="ymailSignUp" time="5.058"/>
  <testcase classname="com.abd.testcases.YmailSignUpTest" name="ymailSignUpWithHashTable" time="3.267"/>
  <testcase classname="com.abd.testcases.YmailSignUpTest" name="ymailSignUpWithHashTable" time="3.875"/>
</testsuite> <!-- Yahoo Sign Up Test -->
