<?xml version="1.0" encoding="UTF-8"?>
<testng-results ignored="0" total="8" passed="7" failed="0" skipped="1">
  <reporter-output>
    <line>
      <![CDATA[Ymail Login Test]]>
    </line>
    <line>
      <![CDATA[Ymail Login Test]]>
    </line>
    <line>
      <![CDATA[Ymail Login Test]]>
    </line>
    <line>
      <![CDATA[Ymail Login Test]]>
    </line>
  </reporter-output>
  <suite started-at="2019-01-16T15:15:56Z" name="Suite" finished-at="2019-01-16T15:16:50Z" duration-ms="53950">
    <groups>
    </groups>
    <test started-at="2019-01-16T15:15:56Z" name="Yahoo Sign Up Test" finished-at="2019-01-16T15:16:14Z" duration-ms="18886">
      <class name="com.abd.testcases.YmailSignUpTest">
        <test-method signature="ymailSignUp(java.lang.Object, java.lang.Object, java.lang.Object, java.lang.Object)[pri:0, instance:com.abd.testcases.YmailSignUpTest@16150369]" started-at="2019-01-16T15:15:56Z" name="ymailSignUp" data-provider="dataProviderForAll" finished-at="2019-01-16T15:16:02Z" duration-ms="6151" status="PASS">
          <params>
            <param index="0">
              <value>
                <![CDATA[aaaaaaa]]>
              </value>
            </param>
            <param index="1">
              <value>
                <![CDATA[bbbbbbbb]]>
              </value>
            </param>
            <param index="2">
              <value>
                <![CDATA[cccccccc]]>
              </value>
            </param>
            <param index="3">
              <value>
                <![CDATA[eeeeee]]>
              </value>
            </param>
          </params>
          <reporter-output>
            <line>
              <![CDATA[Ymail Login Test]]>
            </line>
          </reporter-output>
        </test-method> <!-- ymailSignUp -->
        <test-method signature="ymailSignUp(java.lang.Object, java.lang.Object, java.lang.Object, java.lang.Object)[pri:0, instance:com.abd.testcases.YmailSignUpTest@16150369]" started-at="2019-01-16T15:16:02Z" name="ymailSignUp" data-provider="dataProviderForAll" finished-at="2019-01-16T15:16:07Z" duration-ms="5058" status="PASS">
          <params>
            <param index="0">
              <value>
                <![CDATA[xxxxxxxx]]>
              </value>
            </param>
            <param index="1">
              <value>
                <![CDATA[yyyyyyyyy]]>
              </value>
            </param>
            <param index="2">
              <value>
                <![CDATA[zzzzzzzzz]]>
              </value>
            </param>
            <param index="3">
              <value>
                <![CDATA[wwwwww]]>
              </value>
            </param>
          </params>
          <reporter-output>
            <line>
              <![CDATA[Ymail Login Test]]>
            </line>
          </reporter-output>
        </test-method> <!-- ymailSignUp -->
        <test-method signature="ymailSignUpWithHashTable(java.util.Hashtable)[pri:0, instance:com.abd.testcases.YmailSignUpTest@16150369]" started-at="2019-01-16T15:16:07Z" name="ymailSignUpWithHashTable" data-provider="dataProviderForAll" finished-at="2019-01-16T15:16:10Z" duration-ms="3267" status="PASS">
          <params>
            <param index="0">
              <value>
                <![CDATA[{FirstName=aaaaaaa, Password=eeeeee, LastName=bbbbbbbb, Email=cccccccc}]]>
              </value>
            </param>
          </params>
          <reporter-output>
            <line>
              <![CDATA[Ymail Login Test]]>
            </line>
          </reporter-output>
        </test-method> <!-- ymailSignUpWithHashTable -->
        <test-method signature="ymailSignUpWithHashTable(java.util.Hashtable)[pri:0, instance:com.abd.testcases.YmailSignUpTest@16150369]" started-at="2019-01-16T15:16:11Z" name="ymailSignUpWithHashTable" data-provider="dataProviderForAll" finished-at="2019-01-16T15:16:14Z" duration-ms="3875" status="PASS">
          <params>
            <param index="0">
              <value>
                <![CDATA[{FirstName=xxxxxxxx, Password=wwwwww, LastName=yyyyyyyyy, Email=zzzzzzzzz}]]>
              </value>
            </param>
          </params>
          <reporter-output>
            <line>
              <![CDATA[Ymail Login Test]]>
            </line>
          </reporter-output>
        </test-method> <!-- ymailSignUpWithHashTable -->
      </class> <!-- com.abd.testcases.YmailSignUpTest -->
    </test> <!-- Yahoo Sign Up Test -->
    <test started-at="2019-01-16T15:16:15Z" name="Login Test" finished-at="2019-01-16T15:16:24Z" duration-ms="9186">
      <class name="com.abd.testcases.LoginTest">
        <test-method signature="test_valid_login(java.lang.String)[pri:1, instance:com.abd.testcases.LoginTest@169bb4dd]" started-at="2019-01-16T15:16:15Z" name="test_valid_login" finished-at="2019-01-16T15:16:24Z" duration-ms="9105" status="PASS">
          <params>
            <param index="0">
              <value>
                <![CDATA[Nothing]]>
              </value>
            </param>
          </params>
          <reporter-output>
          </reporter-output>
        </test-method> <!-- test_valid_login -->
      </class> <!-- com.abd.testcases.LoginTest -->
    </test> <!-- Login Test -->
    <test started-at="2019-01-16T15:16:24Z" name="Amazon Test" finished-at="2019-01-16T15:16:50Z" duration-ms="25802">
      <class name="com.abd.testcases.AmazonTest">
        <test-method is-config="true" signature="setUp()[pri:0, instance:com.abd.testcases.AmazonTest@f68f0dc]" started-at="2019-01-16T15:15:52Z" name="setUp" finished-at="2019-01-16T15:15:56Z" duration-ms="3741" status="PASS">
          <reporter-output>
          </reporter-output>
        </test-method> <!-- setUp -->
        <test-method signature="amazonSearchTest(java.lang.String, java.lang.String, java.lang.String)[pri:0, instance:com.abd.testcases.AmazonTest@f68f0dc]" started-at="2019-01-16T15:16:24Z" name="amazonSearchTest" data-provider="dataProviderForAll" finished-at="2019-01-16T15:16:37Z" duration-ms="13438" status="PASS">
          <params>
            <param index="0">
              <value>
                <![CDATA[Electronics]]>
              </value>
            </param>
            <param index="1">
              <value>
                <![CDATA[Apple Laptops]]>
              </value>
            </param>
            <param index="2">
              <value>
                <![CDATA[Y]]>
              </value>
            </param>
          </params>
          <reporter-output>
          </reporter-output>
        </test-method> <!-- amazonSearchTest -->
        <test-method signature="amazonSearchTest(java.lang.String, java.lang.String, java.lang.String)[pri:0, instance:com.abd.testcases.AmazonTest@f68f0dc]" started-at="2019-01-16T15:16:37Z" name="amazonSearchTest" data-provider="dataProviderForAll" finished-at="2019-01-16T15:16:37Z" duration-ms="1" status="SKIP">
          <params>
            <param index="0">
              <value>
                <![CDATA[Baby]]>
              </value>
            </param>
            <param index="1">
              <value>
                <![CDATA[Doll]]>
              </value>
            </param>
            <param index="2">
              <value>
                <![CDATA[N]]>
              </value>
            </param>
          </params>
          <exception class="org.testng.SkipException">
            <message>
              <![CDATA[Skipping This Data As Runmode Is N]]>
            </message>
            <full-stacktrace>
              <![CDATA[org.testng.SkipException: Skipping This Data As Runmode Is N
at com.abd.testcases.AmazonTest.amazonSearchTest(AmazonTest.java:30)
at java.base/jdk.internal.reflect.NativeMethodAccessorImpl.invoke0(Native Method)
at java.base/jdk.internal.reflect.NativeMethodAccessorImpl.invoke(NativeMethodAccessorImpl.java:62)
at java.base/jdk.internal.reflect.DelegatingMethodAccessorImpl.invoke(DelegatingMethodAccessorImpl.java:43)
at java.base/java.lang.reflect.Method.invoke(Method.java:566)
at org.testng.internal.MethodInvocationHelper.invokeMethod(MethodInvocationHelper.java:124)
at org.testng.internal.Invoker.invokeMethod(Invoker.java:583)
at org.testng.internal.Invoker.invokeTestMethod(Invoker.java:719)
at org.testng.internal.Invoker.invokeTestMethods(Invoker.java:989)
at org.testng.internal.TestMethodWorker.invokeTestMethods(TestMethodWorker.java:125)
at org.testng.internal.TestMethodWorker.run(TestMethodWorker.java:109)
at org.testng.TestRunner.privateRun(TestRunner.java:648)
at org.testng.TestRunner.run(TestRunner.java:505)
at org.testng.SuiteRunner.runTest(SuiteRunner.java:455)
at org.testng.SuiteRunner.runSequentially(SuiteRunner.java:450)
at org.testng.SuiteRunner.privateRun(SuiteRunner.java:415)
at org.testng.SuiteRunner.run(SuiteRunner.java:364)
at org.testng.SuiteRunnerWorker.runSuite(SuiteRunnerWorker.java:52)
at org.testng.SuiteRunnerWorker.run(SuiteRunnerWorker.java:84)
at org.testng.TestNG.runSuitesSequentially(TestNG.java:1208)
at org.testng.TestNG.runSuitesLocally(TestNG.java:1137)
at org.testng.TestNG.runSuites(TestNG.java:1049)
at org.testng.TestNG.run(TestNG.java:1017)
at org.apache.maven.surefire.testng.TestNGExecutor.run(TestNGExecutor.java:281)
at org.apache.maven.surefire.testng.TestNGXmlTestSuite.execute(TestNGXmlTestSuite.java:75)
at org.apache.maven.surefire.testng.TestNGProvider.invoke(TestNGProvider.java:121)
at org.apache.maven.surefire.booter.ForkedBooter.invokeProviderInSameClassLoader(ForkedBooter.java:290)
at org.apache.maven.surefire.booter.ForkedBooter.runSuitesInProcess(ForkedBooter.java:242)
at org.apache.maven.surefire.booter.ForkedBooter.main(ForkedBooter.java:121)
]]>
            </full-stacktrace>
          </exception> <!-- org.testng.SkipException -->
          <reporter-output>
          </reporter-output>
        </test-method> <!-- amazonSearchTest -->
        <test-method signature="amazonSearchTest(java.lang.String, java.lang.String, java.lang.String)[pri:0, instance:com.abd.testcases.AmazonTest@f68f0dc]" started-at="2019-01-16T15:16:37Z" name="amazonSearchTest" data-provider="dataProviderForAll" finished-at="2019-01-16T15:16:49Z" duration-ms="12206" status="PASS">
          <params>
            <param index="0">
              <value>
                <![CDATA[Luggage]]>
              </value>
            </param>
            <param index="1">
              <value>
                <![CDATA[Bag]]>
              </value>
            </param>
            <param index="2">
              <value>
                <![CDATA[Y]]>
              </value>
            </param>
          </params>
          <reporter-output>
          </reporter-output>
        </test-method> <!-- amazonSearchTest -->
        <test-method is-config="true" signature="tearDown()[pri:0, instance:com.abd.testcases.AmazonTest@f68f0dc]" started-at="2019-01-16T15:16:50Z" name="tearDown" finished-at="2019-01-16T15:16:52Z" duration-ms="2109" status="PASS">
          <reporter-output>
          </reporter-output>
        </test-method> <!-- tearDown -->
      </class> <!-- com.abd.testcases.AmazonTest -->
    </test> <!-- Amazon Test -->
  </suite> <!-- Suite -->
</testng-results>
