<?xml version="1.0" encoding="UTF-8"?>
<testsuite name="Yahoo Sign Up Test"
           tests="4"
           failures="0"
           errors="0"
           skipped="0"
           time="14.316">
  <properties />
  
  
            <testcase name="ymailSignUpWithHashTable" time="2.093" classname="com.abd.testcases.YmailSignUpTest" />
                <testcase name="ymailSignUp" time="2.078" classname="com.abd.testcases.YmailSignUpTest" />
                <testcase name="ymailSignUp" time="4.485" classname="com.abd.testcases.YmailSignUpTest" />
                <testcase name="ymailSignUpWithHashTable" time="5.660" classname="com.abd.testcases.YmailSignUpTest" />
      
</testsuite>
