<?xml version="1.0" encoding="UTF-8"?>
<testsuite name="Amazon Test"
           tests="3"
           failures="0"
           errors="0"
           skipped="3"
           time="0.004">
  <properties />
  
            <testcase name="amazonSearchTest" time="0.0" classname="com.abd.testcases.AmazonTest">
          <skipped />
    </testcase>
            <testcase name="amazonSearchTest" time="0.0" classname="com.abd.testcases.AmazonTest">
          <skipped />
    </testcase>
            <testcase name="amazonSearchTest" time="0.0" classname="com.abd.testcases.AmazonTest">
          <skipped />
    </testcase>
  
  
</testsuite>
