<?xml version="1.0" encoding="UTF-8"?>
<testsuite name="Yahoo Sign Up Test"
           tests="4"
           failures="0"
           errors="0"
           skipped="2"
           time="6.566">
  <properties />
  
            <testcase name="ymailSignUp" time="0.0" classname="com.abd.testcases.YmailSignUpTest">
          <skipped />
    </testcase>
            <testcase name="ymailSignUp" time="0.0" classname="com.abd.testcases.YmailSignUpTest">
          <skipped />
    </testcase>
  
            <testcase name="ymailSignUp1" time="4.030" classname="com.abd.testcases.YmailSignUpTest" />
                <testcase name="ymailSignUp1" time="2.528" classname="com.abd.testcases.YmailSignUpTest" />
      
</testsuite>
