<?xml version="1.0" encoding="UTF-8"?>
<testsuite name="Amazon Test"
           tests="3"
           failures="0"
           errors="0"
           skipped="1"
           time="17.834">
  <properties />
  
            <testcase name="amazonSearchTest" time="0.0" classname="com.abd.testcases.AmazonTest">
          <skipped />
    </testcase>
  
            <testcase name="amazonSearchTest" time="7.326" classname="com.abd.testcases.AmazonTest" />
                <testcase name="amazonSearchTest" time="10.508" classname="com.abd.testcases.AmazonTest" />
      
</testsuite>
