<?xml version="1.0" encoding="UTF-8"?>
<!-- Generated by org.testng.reporters.JUnitXMLReporter -->
<testsuite hostname="DESKTOP-I542CFB" ignored="5" name="LoginTest" tests="1" failures="1" timestamp="17 Dec 2018 18:06:26 GMT" time="0.042" errors="0">
  <testcase name="googleSignUp" time="0.0" classname="com.abd.testcases.YmailSignUpTest">
    <failure type="org.testng.TestNGException" message="
Method public void com.abd.testcases.YmailSignUpTest.googleSignUp(java.lang.Object,java.lang.Object,java.lang.Object,java.lang.Object) requires a @DataProvider named : YmailSignUp">
      <![CDATA[org.testng.TestNGException: 
Method public void com.abd.testcases.YmailSignUpTest.googleSignUp(java.lang.Object,java.lang.Object,java.lang.Object,java.lang.Object) requires a @DataProvider named : YmailSignUp
... Removed 22 stack frames]]>
    </failure>
  </testcase> <!-- googleSignUp -->
  <testcase name="test_valid_login" time="0.0" classname="com.abd.testcases.LoginTest">
    <ignored/>
  </testcase> <!-- test_valid_login -->
  <testcase name="@BeforeSuite setUp" time="0.0" classname="com.abd.base.TestBase">
    <ignored/>
  </testcase> <!-- @BeforeSuite setUp -->
  <testcase name="@BeforeSuite setUp" time="0.0" classname="com.abd.base.TestBase">
    <ignored/>
  </testcase> <!-- @BeforeSuite setUp -->
  <testcase name="@AfterSuite tearDown" time="0.0" classname="com.abd.base.TestBase">
    <ignored/>
  </testcase> <!-- @AfterSuite tearDown -->
  <testcase name="@AfterSuite tearDown" time="0.0" classname="com.abd.base.TestBase">
    <ignored/>
  </testcase> <!-- @AfterSuite tearDown -->
</testsuite> <!-- LoginTest -->
