<?xml version="1.0" encoding="UTF-8"?>
<!-- Generated by org.testng.reporters.JUnitXMLReporter -->
<testsuite hostname="DESKTOP-I542CFB" ignored="5" name="Test" tests="2" failures="0" timestamp="17 Dec 2018 20:46:31 GMT" time="16.411" errors="0">
  <testcase name="ymailSignUp" time="10.524" classname="com.abd.testcases.YmailSignUpTest"/>
  <testcase name="ymailSignUp" time="5.473" classname="com.abd.testcases.YmailSignUpTest"/>
  <testcase name="test_valid_login" time="0.0" classname="com.abd.testcases.LoginTest">
    <ignored/>
  </testcase> <!-- test_valid_login -->
  <testcase name="@BeforeSuite setUp" time="0.0" classname="com.abd.base.TestBase">
    <ignored/>
  </testcase> <!-- @BeforeSuite setUp -->
  <testcase name="@BeforeSuite setUp" time="0.0" classname="com.abd.base.TestBase">
    <ignored/>
  </testcase> <!-- @BeforeSuite setUp -->
  <testcase name="@AfterSuite tearDown" time="0.0" classname="com.abd.base.TestBase">
    <ignored/>
  </testcase> <!-- @AfterSuite tearDown -->
  <testcase name="@AfterSuite tearDown" time="0.0" classname="com.abd.base.TestBase">
    <ignored/>
  </testcase> <!-- @AfterSuite tearDown -->
</testsuite> <!-- Test -->
